<?xml version="1.0" encoding="UTF-8"?>
<testsuite xmlns:xsi="http://www.w3.org/2001/XMLSchema-instance" xsi:noNamespaceSchemaLocation="https://maven.apache.org/surefire/maven-surefire-plugin/xsd/surefire-test-report.xsd" name="za.ac.cput.AdpAssignment1.CarTest" time="4.965" tests="5" errors="0" skipped="1" failures="1">
  <properties>
[...]
</properties>
  <testcase name="testTimeout" classname="za.ac.cput.AdpAssignment1.CarTest" time="4.945"/>
  <testcase name="testFailing" classname="za.ac.cput.AdpAssignment1.CarTest" time="0.01">
    <failure message="This failed." type="org.opentest4j.AssertionFailedError">org.opentest4j.AssertionFailedError: This failed.
	at za.ac.cput.AdpAssignment1.CarTest.testFailing(CarTest.java:58)
</failure>
  </testcase>
  <testcase name="testDisabling" classname="za.ac.cput.AdpAssignment1.CarTest" time="0">
    <skipped message="This is an example of a disabled/ignored method"/>
  </testcase>
  <testcase name="testIdentity" classname="za.ac.cput.AdpAssignment1.CarTest" time="0.005"/>
  <testcase name="testEquality" classname="za.ac.cput.AdpAssignment1.CarTest" time="0"/>
</testsuite>