-------------------------------------------------------------------------------
Test set: za.ac.cput.AdpAssignment1.CarTest
-------------------------------------------------------------------------------
Tests run: 5, Failures: 1, Errors: 0, Skipped: 1, Time elapsed: 5.185 s <<< FAILURE! - in za.ac.cput.AdpAssignment1.CarTest
testFailing  Time elapsed: 0.015 s  <<< FAILURE!
org.opentest4j.AssertionFailedError: This failed.
	at za.ac.cput.AdpAssignment1.CarTest.testFailing(CarTest.java:58)

