-------------------------------------------------------------------------------
Test set: za.ac.cput.AdpAssignment1.HorseTest
-------------------------------------------------------------------------------
Tests run: 5, Failures: 1, Errors: 0, Skipped: 1, Time elapsed: 4.929 s <<< FAILURE! - in za.ac.cput.AdpAssignment1.HorseTest
testFailing  Time elapsed: 0 s  <<< FAILURE!
org.opentest4j.AssertionFailedError:  Failed!!!!!!!!!!!
	at za.ac.cput.AdpAssignment1.HorseTest.testFailing(HorseTest.java:48)

